[2019-01-28 10:57:04] local.ERROR: SQLSTATE[42S22]: Column not found: 1054 Unknown column 'categories.projectid' in 'on clause' (SQL: select * from `TasksPlanned` inner join `projects` on `projects`.`projectid` = `categories`.`projectid` where date(`planneddate`) >= 2018-12-30 group by `planid`, `planneddate` order by `projects`.`projectname` asc) {"exception":"[object] (Illuminate\\Database\\QueryException(code: 42S22): SQLSTATE[42S22]: Column not found: 1054 Unknown column 'categories.projectid' in 'on clause' (SQL: select * from `TasksPlanned` inner join `projects` on `projects`.`projectid` = `categories`.`projectid` where date(`planneddate`) >= 2018-12-30 group by `planid`, `planneddate` order by `projects`.`projectname` asc) at /Users/philipperry/Documents/work/TimeTrackerPlaner/ttpLaravel/vendor/laravel/framework/src/Illuminate/Database/Connection.php:664, PDOException(code: 42S22): SQLSTATE[42S22]: Column not found: 1054 Unknown column 'categories.projectid' in 'on clause' at /Users/philipperry/Documents/work/TimeTrackerPlaner/ttpLaravel/vendor/laravel/framework/src/Illuminate/Database/Connection.php:326)
[stacktrace]
#0 /Users/philipperry/Documents/work/TimeTrackerPlaner/ttpLaravel/vendor/laravel/framework/src/Illuminate/Database/Connection.php(624): Illuminate\\Database\\Connection->runQueryCallback('select * from `...', Array, Object(Closure))
#1 /Users/philipperry/Documents/work/TimeTrackerPlaner/ttpLaravel/vendor/laravel/framework/src/Illuminate/Database/Connection.php(333): Illuminate\\Database\\Connection->run('select * from `...', Array, Object(Closure))
#2 /Users/philipperry/Documents/work/TimeTrackerPlaner/ttpLaravel/vendor/laravel/framework/src/Illuminate/Database/Query/Builder.php(2095): Illuminate\\Database\\Connection->select('select * from `...', Array, true)
#3 /Users/philipperry/Documents/work/TimeTrackerPlaner/ttpLaravel/vendor/laravel/framework/src/Illuminate/Database/Query/Builder.php(2083): Illuminate\\Database\\Query\\Builder->runSelect()
#4 /Users/philipperry/Documents/work/TimeTrackerPlaner/ttpLaravel/vendor/laravel/framework/src/Illuminate/Database/Query/Builder.php(2569): Illuminate\\Database\\Query\\Builder->Illuminate\\Database\\Query\\{closure}()
#5 /Users/philipperry/Documents/work/TimeTrackerPlaner/ttpLaravel/vendor/laravel/framework/src/Illuminate/Database/Query/Builder.php(2084): Illuminate\\Database\\Query\\Builder->onceWithColumns(Array, Object(Closure))
#6 /Users/philipperry/Documents/work/TimeTrackerPlaner/ttpLaravel/vendor/laravel/framework/src/Illuminate/Database/Eloquent/Builder.php(516): Illuminate\\Database\\Query\\Builder->get(Array)
#7 /Users/philipperry/Documents/work/TimeTrackerPlaner/ttpLaravel/vendor/laravel/framework/src/Illuminate/Database/Eloquent/Builder.php(500): Illuminate\\Database\\Eloquent\\Builder->getModels(Array)
#8 /Users/philipperry/Documents/work/TimeTrackerPlaner/ttpLaravel/app/Http/Controllers/AverageTime.php(19): Illuminate\\Database\\Eloquent\\Builder->get()
#9 [internal function]: App\\Http\\Controllers\\AverageTime->index()
#10 /Users/philipperry/Documents/work/TimeTrackerPlaner/ttpLaravel/vendor/laravel/framework/src/Illuminate/Routing/Controller.php(54): call_user_func_array(Array, Array)
#11 /Users/philipperry/Documents/work/TimeTrackerPlaner/ttpLaravel/vendor/laravel/framework/src/Illuminate/Routing/ControllerDispatcher.php(45): Illuminate\\Routing\\Controller->callAction('index', Array)
#12 /Users/philipperry/Documents/work/TimeTrackerPlaner/ttpLaravel/vendor/laravel/framework/src/Illuminate/Routing/Route.php(219): Illuminate\\Routing\\ControllerDispatcher->dispatch(Object(Illuminate\\Routing\\Route), Object(App\\Http\\Controllers\\AverageTime), 'index')
#13 /Users/philipperry/Documents/work/TimeTrackerPlaner/ttpLaravel/vendor/laravel/framework/src/Illuminate/Routing/Route.php(176): Illuminate\\Routing\\Route->runController()
#14 /Users/philipperry/Documents/work/TimeTrackerPlaner/ttpLaravel/vendor/laravel/framework/src/Illuminate/Routing/Router.php(682): Illuminate\\Routing\\Route->run()
#15 /Users/philipperry/Documents/work/TimeTrackerPlaner/ttpLaravel/vendor/laravel/framework/src/Illuminate/Routing/Pipeline.php(30): Illuminate\\Routing\\Router->Illuminate\\Routing\\{closure}(Object(Illuminate\\Http\\Request))
#16 /Users/philipperry/Documents/work/TimeTrackerPlaner/ttpLaravel/vendor/laravel/framework/src/Illuminate/Routing/Middleware/SubstituteBindings.php(41): Illuminate\\Routing\\Pipeline->Illuminate\\Routing\\{closure}(Object(Illuminate\\Http\\Request))
#17 /Users/philipperry/Documents/work/TimeTrackerPlaner/ttpLaravel/vendor/laravel/framework/src/Illuminate/Pipeline/Pipeline.php(151): Illuminate\\Routing\\Middleware\\SubstituteBindings->handle(Object(Illuminate\\Http\\Request), Object(Closure))
#18 /Users/philipperry/Documents/work/TimeTrackerPlaner/ttpLaravel/vendor/laravel/framework/src/Illuminate/Routing/Pipeline.php(53): Illuminate\\Pipeline\\Pipeline->Illuminate\\Pipeline\\{closure}(Object(Illuminate\\Http\\Request))
#19 /Users/philipperry/Documents/work/TimeTrackerPlaner/ttpLaravel/vendor/laravel/framework/src/Illuminate/Foundation/Http/Middleware/VerifyCsrfToken.php(75): Illuminate\\Routing\\Pipeline->Illuminate\\Routing\\{closure}(Object(Illuminate\\Http\\Request))
#20 /Users/philipperry/Documents/work/TimeTrackerPlaner/ttpLaravel/vendor/laravel/framework/src/Illuminate/Pipeline/Pipeline.php(151): Illuminate\\Foundation\\Http\\Middleware\\VerifyCsrfToken->handle(Object(Illuminate\\Http\\Request), Object(Closure))
#21 /Users/philipperry/Documents/work/TimeTrackerPlaner/ttpLaravel/vendor/laravel/framework/src/Illuminate/Routing/Pipeline.php(53): Illuminate\\Pipeline\\Pipeline->Illuminate\\Pipeline\\{closure}(Object(Illuminate\\Http\\Request))
#22 /Users/philipperry/Documents/work/TimeTrackerPlaner/ttpLaravel/vendor/laravel/framework/src/Illuminate/View/Middleware/ShareErrorsFromSession.php(49): Illuminate\\Routing\\Pipeline->Illuminate\\Routing\\{closure}(Object(Illuminate\\Http\\Request))
#23 /Users/philipperry/Documents/work/TimeTrackerPlaner/ttpLaravel/vendor/laravel/framework/src/Illuminate/Pipeline/Pipeline.php(151): Illuminate\\View\\Middleware\\ShareErrorsFromSession->handle(Object(Illuminate\\Http\\Request), Object(Closure))
#24 /Users/philipperry/Documents/work/TimeTrackerPlaner/ttpLaravel/vendor/laravel/framework/src/Illuminate/Routing/Pipeline.php(53): Illuminate\\Pipeline\\Pipeline->Illuminate\\Pipeline\\{closure}(Object(Illuminate\\Http\\Request))
#25 /Users/philipperry/Documents/work/TimeTrackerPlaner/ttpLaravel/vendor/laravel/framework/src/Illuminate/Session/Middleware/StartSession.php(63): Illuminate\\Routing\\Pipeline->Illuminate\\Routing\\{closure}(Object(Illuminate\\Http\\Request))
#26 /Users/philipperry/Documents/work/TimeTrackerPlaner/ttpLaravel/vendor/laravel/framework/src/Illuminate/Pipeline/Pipeline.php(151): Illuminate\\Session\\Middleware\\StartSession->handle(Object(Illuminate\\Http\\Request), Object(Closure))
#27 /Users/philipperry/Documents/work/TimeTrackerPlaner/ttpLaravel/vendor/laravel/framework/src/Illuminate/Routing/Pipeline.php(53): Illuminate\\Pipeline\\Pipeline->Illuminate\\Pipeline\\{closure}(Object(Illuminate\\Http\\Request))
#28 /Users/philipperry/Documents/work/TimeTrackerPlaner/ttpLaravel/vendor/laravel/framework/src/Illuminate/Cookie/Middleware/AddQueuedCookiesToResponse.php(37): Illuminate\\Routing\\Pipeline->Illuminate\\Routing\\{closure}(Object(Illuminate\\Http\\Request))
#29 /Users/philipperry/Documents/work/TimeTrackerPlaner/ttpLaravel/vendor/laravel/framework/src/Illuminate/Pipeline/Pipeline.php(151): Illuminate\\Cookie\\Middleware\\AddQueuedCookiesToResponse->handle(Object(Illuminate\\Http\\Request), Object(Closure))
#30 /Users/philipperry/Documents/work/TimeTrackerPlaner/ttpLaravel/vendor/laravel/framework/src/Illuminate/Routing/Pipeline.php(53): Illuminate\\Pipeline\\Pipeline->Illuminate\\Pipeline\\{closure}(Object(Illuminate\\Http\\Request))
#31 /Users/philipperry/Documents/work/TimeTrackerPlaner/ttpLaravel/vendor/laravel/framework/src/Illuminate/Cookie/Middleware/EncryptCookies.php(66): Illuminate\\Routing\\Pipeline->Illuminate\\Routing\\{closure}(Object(Illuminate\\Http\\Request))
#32 /Users/philipperry/Documents/work/TimeTrackerPlaner/ttpLaravel/vendor/laravel/framework/src/Illuminate/Pipeline/Pipeline.php(151): Illuminate\\Cookie\\Middleware\\EncryptCookies->handle(Object(Illuminate\\Http\\Request), Object(Closure))
#33 /Users/philipperry/Documents/work/TimeTrackerPlaner/ttpLaravel/vendor/laravel/framework/src/Illuminate/Routing/Pipeline.php(53): Illuminate\\Pipeline\\Pipeline->Illuminate\\Pipeline\\{closure}(Object(Illuminate\\Http\\Request))
#34 /Users/philipperry/Documents/work/TimeTrackerPlaner/ttpLaravel/vendor/laravel/framework/src/Illuminate/Pipeline/Pipeline.php(104): Illuminate\\Routing\\Pipeline->Illuminate\\Routing\\{closure}(Object(Illuminate\\Http\\Request))
#35 /Users/philipperry/Documents/work/TimeTrackerPlaner/ttpLaravel/vendor/laravel/framework/src/Illuminate/Routing/Router.php(684): Illuminate\\Pipeline\\Pipeline->then(Object(Closure))
#36 /Users/philipperry/Documents/work/TimeTrackerPlaner/ttpLaravel/vendor/laravel/framework/src/Illuminate/Routing/Router.php(659): Illuminate\\Routing\\Router->runRouteWithinStack(Object(Illuminate\\Routing\\Route), Object(Illuminate\\Http\\Request))
#37 /Users/philipperry/Documents/work/TimeTrackerPlaner/ttpLaravel/vendor/laravel/framework/src/Illuminate/Routing/Router.php(625): Illuminate\\Routing\\Router->runRoute(Object(Illuminate\\Http\\Request), Object(Illuminate\\Routing\\Route))
#38 /Users/philipperry/Documents/work/TimeTrackerPlaner/ttpLaravel/vendor/laravel/framework/src/Illuminate/Routing/Router.php(614): Illuminate\\Routing\\Router->dispatchToRoute(Object(Illuminate\\Http\\Request))
#39 /Users/philipperry/Documents/work/TimeTrackerPlaner/ttpLaravel/vendor/laravel/framework/src/Illuminate/Foundation/Http/Kernel.php(176): Illuminate\\Routing\\Router->dispatch(Object(Illuminate\\Http\\Request))
#40 /Users/philipperry/Documents/work/TimeTrackerPlaner/ttpLaravel/vendor/laravel/framework/src/Illuminate/Routing/Pipeline.php(30): Illuminate\\Foundation\\Http\\Kernel->Illuminate\\Foundation\\Http\\{closure}(Object(Illuminate\\Http\\Request))
#41 /Users/philipperry/Documents/work/TimeTrackerPlaner/ttpLaravel/vendor/fideloper/proxy/src/TrustProxies.php(57): Illuminate\\Routing\\Pipeline->Illuminate\\Routing\\{closure}(Object(Illuminate\\Http\\Request))
#42 /Users/philipperry/Documents/work/TimeTrackerPlaner/ttpLaravel/vendor/laravel/framework/src/Illuminate/Pipeline/Pipeline.php(151): Fideloper\\Proxy\\TrustProxies->handle(Object(Illuminate\\Http\\Request), Object(Closure))
#43 /Users/philipperry/Documents/work/TimeTrackerPlaner/ttpLaravel/vendor/laravel/framework/src/Illuminate/Routing/Pipeline.php(53): Illuminate\\Pipeline\\Pipeline->Illuminate\\Pipeline\\{closure}(Object(Illuminate\\Http\\Request))
#44 /Users/philipperry/Documents/work/TimeTrackerPlaner/ttpLaravel/vendor/laravel/framework/src/Illuminate/Foundation/Http/Middleware/TransformsRequest.php(31): Illuminate\\Routing\\Pipeline->Illuminate\\Routing\\{closure}(Object(Illuminate\\Http\\Request))
#45 /Users/philipperry/Documents/work/TimeTrackerPlaner/ttpLaravel/vendor/laravel/framework/src/Illuminate/Pipeline/Pipeline.php(151): Illuminate\\Foundation\\Http\\Middleware\\TransformsRequest->handle(Object(Illuminate\\Http\\Request), Object(Closure))
#46 /Users/philipperry/Documents/work/TimeTrackerPlaner/ttpLaravel/vendor/laravel/framework/src/Illuminate/Routing/Pipeline.php(53): Illuminate\\Pipeline\\Pipeline->Illuminate\\Pipeline\\{closure}(Object(Illuminate\\Http\\Request))
#47 /Users/philipperry/Documents/work/TimeTrackerPlaner/ttpLaravel/vendor/laravel/framework/src/Illuminate/Foundation/Http/Middleware/TransformsRequest.php(31): Illuminate\\Routing\\Pipeline->Illuminate\\Routing\\{closure}(Object(Illuminate\\Http\\Request))
#48 /Users/philipperry/Documents/work/TimeTrackerPlaner/ttpLaravel/vendor/laravel/framework/src/Illuminate/Pipeline/Pipeline.php(151): Illuminate\\Foundation\\Http\\Middleware\\TransformsRequest->handle(Object(Illuminate\\Http\\Request), Object(Closure))
#49 /Users/philipperry/Documents/work/TimeTrackerPlaner/ttpLaravel/vendor/laravel/framework/src/Illuminate/Routing/Pipeline.php(53): Illuminate\\Pipeline\\Pipeline->Illuminate\\Pipeline\\{closure}(Object(Illuminate\\Http\\Request))
#50 /Users/philipperry/Documents/work/TimeTrackerPlaner/ttpLaravel/vendor/laravel/framework/src/Illuminate/Foundation/Http/Middleware/ValidatePostSize.php(27): Illuminate\\Routing\\Pipeline->Illuminate\\Routing\\{closure}(Object(Illuminate\\Http\\Request))
#51 /Users/philipperry/Documents/work/TimeTrackerPlaner/ttpLaravel/vendor/laravel/framework/src/Illuminate/Pipeline/Pipeline.php(151): Illuminate\\Foundation\\Http\\Middleware\\ValidatePostSize->handle(Object(Illuminate\\Http\\Request), Object(Closure))
#52 /Users/philipperry/Documents/work/TimeTrackerPlaner/ttpLaravel/vendor/laravel/framework/src/Illuminate/Routing/Pipeline.php(53): Illuminate\\Pipeline\\Pipeline->Illuminate\\Pipeline\\{closure}(Object(Illuminate\\Http\\Request))
#53 /Users/philipperry/Documents/work/TimeTrackerPlaner/ttpLaravel/vendor/laravel/framework/src/Illuminate/Foundation/Http/Middleware/CheckForMaintenanceMode.php(62): Illuminate\\Routing\\Pipeline->Illuminate\\Routing\\{closure}(Object(Illuminate\\Http\\Request))
#54 /Users/philipperry/Documents/work/TimeTrackerPlaner/ttpLaravel/vendor/laravel/framework/src/Illuminate/Pipeline/Pipeline.php(151): Illuminate\\Foundation\\Http\\Middleware\\CheckForMaintenanceMode->handle(Object(Illuminate\\Http\\Request), Object(Closure))
#55 /Users/philipperry/Documents/work/TimeTrackerPlaner/ttpLaravel/vendor/laravel/framework/src/Illuminate/Routing/Pipeline.php(53): Illuminate\\Pipeline\\Pipeline->Illuminate\\Pipeline\\{closure}(Object(Illuminate\\Http\\Request))
#56 /Users/philipperry/Documents/work/TimeTrackerPlaner/ttpLaravel/vendor/laravel/framework/src/Illuminate/Pipeline/Pipeline.php(104): Illuminate\\Routing\\Pipeline->Illuminate\\Routing\\{closure}(Object(Illuminate\\Http\\Request))
#57 /Users/philipperry/Documents/work/TimeTrackerPlaner/ttpLaravel/vendor/laravel/framework/src/Illuminate/Foundation/Http/Kernel.php(151): Illuminate\\Pipeline\\Pipeline->then(Object(Closure))
#58 /Users/philipperry/Documents/work/TimeTrackerPlaner/ttpLaravel/vendor/laravel/framework/src/Illuminate/Foundation/Http/Kernel.php(116): Illuminate\\Foundation\\Http\\Kernel->sendRequestThroughRouter(Object(Illuminate\\Http\\Request))
#59 /Users/philipperry/Documents/work/TimeTrackerPlaner/ttpLaravel/public/index.php(55): Illuminate\\Foundation\\Http\\Kernel->handle(Object(Illuminate\\Http\\Request))
#60 /Users/philipperry/Documents/work/TimeTrackerPlaner/ttpLaravel/server.php(21): require_once('/Users/philippe...')
#61 {main}
"} 
[2019-01-28 11:00:09] local.ERROR: SQLSTATE[42S22]: Column not found: 1054 Unknown column 'categories.projectid' in 'on clause' (SQL: select * from `TasksPlanned` inner join `projects` on `projects`.`projectid` = `categories`.`projectid` where date(`planneddate`) >= 2018-12-30 group by `planid`, `planneddate` order by `projects`.`projectname` asc) {"exception":"[object] (Illuminate\\Database\\QueryException(code: 42S22): SQLSTATE[42S22]: Column not found: 1054 Unknown column 'categories.projectid' in 'on clause' (SQL: select * from `TasksPlanned` inner join `projects` on `projects`.`projectid` = `categories`.`projectid` where date(`planneddate`) >= 2018-12-30 group by `planid`, `planneddate` order by `projects`.`projectname` asc) at /Users/philipperry/Documents/work/TimeTrackerPlaner/ttpLaravel/vendor/laravel/framework/src/Illuminate/Database/Connection.php:664, PDOException(code: 42S22): SQLSTATE[42S22]: Column not found: 1054 Unknown column 'categories.projectid' in 'on clause' at /Users/philipperry/Documents/work/TimeTrackerPlaner/ttpLaravel/vendor/laravel/framework/src/Illuminate/Database/Connection.php:326)
[stacktrace]
#0 /Users/philipperry/Documents/work/TimeTrackerPlaner/ttpLaravel/vendor/laravel/framework/src/Illuminate/Database/Connection.php(624): Illuminate\\Database\\Connection->runQueryCallback('select * from `...', Array, Object(Closure))
#1 /Users/philipperry/Documents/work/TimeTrackerPlaner/ttpLaravel/vendor/laravel/framework/src/Illuminate/Database/Connection.php(333): Illuminate\\Database\\Connection->run('select * from `...', Array, Object(Closure))
#2 /Users/philipperry/Documents/work/TimeTrackerPlaner/ttpLaravel/vendor/laravel/framework/src/Illuminate/Database/Query/Builder.php(2095): Illuminate\\Database\\Connection->select('select * from `...', Array, true)
#3 /Users/philipperry/Documents/work/TimeTrackerPlaner/ttpLaravel/vendor/laravel/framework/src/Illuminate/Database/Query/Builder.php(2083): Illuminate\\Database\\Query\\Builder->runSelect()
#4 /Users/philipperry/Documents/work/TimeTrackerPlaner/ttpLaravel/vendor/laravel/framework/src/Illuminate/Database/Query/Builder.php(2569): Illuminate\\Database\\Query\\Builder->Illuminate\\Database\\Query\\{closure}()
#5 /Users/philipperry/Documents/work/TimeTrackerPlaner/ttpLaravel/vendor/laravel/framework/src/Illuminate/Database/Query/Builder.php(2084): Illuminate\\Database\\Query\\Builder->onceWithColumns(Array, Object(Closure))
#6 /Users/philipperry/Documents/work/TimeTrackerPlaner/ttpLaravel/vendor/laravel/framework/src/Illuminate/Database/Eloquent/Builder.php(516): Illuminate\\Database\\Query\\Builder->get(Array)
#7 /Users/philipperry/Documents/work/TimeTrackerPlaner/ttpLaravel/vendor/laravel/framework/src/Illuminate/Database/Eloquent/Builder.php(500): Illuminate\\Database\\Eloquent\\Builder->getModels(Array)
#8 /Users/philipperry/Documents/work/TimeTrackerPlaner/ttpLaravel/app/Http/Controllers/AverageTime.php(20): Illuminate\\Database\\Eloquent\\Builder->get()
#9 [internal function]: App\\Http\\Controllers\\AverageTime->index()
#10 /Users/philipperry/Documents/work/TimeTrackerPlaner/ttpLaravel/vendor/laravel/framework/src/Illuminate/Routing/Controller.php(54): call_user_func_array(Array, Array)
#11 /Users/philipperry/Documents/work/TimeTrackerPlaner/ttpLaravel/vendor/laravel/framework/src/Illuminate/Routing/ControllerDispatcher.php(45): Illuminate\\Routing\\Controller->callAction('index', Array)
#12 /Users/philipperry/Documents/work/TimeTrackerPlaner/ttpLaravel/vendor/laravel/framework/src/Illuminate/Routing/Route.php(219): Illuminate\\Routing\\ControllerDispatcher->dispatch(Object(Illuminate\\Routing\\Route), Object(App\\Http\\Controllers\\AverageTime), 'index')
#13 /Users/philipperry/Documents/work/TimeTrackerPlaner/ttpLaravel/vendor/laravel/framework/src/Illuminate/Routing/Route.php(176): Illuminate\\Routing\\Route->runController()
#14 /Users/philipperry/Documents/work/TimeTrackerPlaner/ttpLaravel/vendor/laravel/framework/src/Illuminate/Routing/Router.php(682): Illuminate\\Routing\\Route->run()
#15 /Users/philipperry/Documents/work/TimeTrackerPlaner/ttpLaravel/vendor/laravel/framework/src/Illuminate/Routing/Pipeline.php(30): Illuminate\\Routing\\Router->Illuminate\\Routing\\{closure}(Object(Illuminate\\Http\\Request))
#16 /Users/philipperry/Documents/work/TimeTrackerPlaner/ttpLaravel/vendor/laravel/framework/src/Illuminate/Routing/Middleware/SubstituteBindings.php(41): Illuminate\\Routing\\Pipeline->Illuminate\\Routing\\{closure}(Object(Illuminate\\Http\\Request))
#17 /Users/philipperry/Documents/work/TimeTrackerPlaner/ttpLaravel/vendor/laravel/framework/src/Illuminate/Pipeline/Pipeline.php(151): Illuminate\\Routing\\Middleware\\SubstituteBindings->handle(Object(Illuminate\\Http\\Request), Object(Closure))
#18 /Users/philipperry/Documents/work/TimeTrackerPlaner/ttpLaravel/vendor/laravel/framework/src/Illuminate/Routing/Pipeline.php(53): Illuminate\\Pipeline\\Pipeline->Illuminate\\Pipeline\\{closure}(Object(Illuminate\\Http\\Request))
#19 /Users/philipperry/Documents/work/TimeTrackerPlaner/ttpLaravel/vendor/laravel/framework/src/Illuminate/Foundation/Http/Middleware/VerifyCsrfToken.php(75): Illuminate\\Routing\\Pipeline->Illuminate\\Routing\\{closure}(Object(Illuminate\\Http\\Request))
#20 /Users/philipperry/Documents/work/TimeTrackerPlaner/ttpLaravel/vendor/laravel/framework/src/Illuminate/Pipeline/Pipeline.php(151): Illuminate\\Foundation\\Http\\Middleware\\VerifyCsrfToken->handle(Object(Illuminate\\Http\\Request), Object(Closure))
#21 /Users/philipperry/Documents/work/TimeTrackerPlaner/ttpLaravel/vendor/laravel/framework/src/Illuminate/Routing/Pipeline.php(53): Illuminate\\Pipeline\\Pipeline->Illuminate\\Pipeline\\{closure}(Object(Illuminate\\Http\\Request))
#22 /Users/philipperry/Documents/work/TimeTrackerPlaner/ttpLaravel/vendor/laravel/framework/src/Illuminate/View/Middleware/ShareErrorsFromSession.php(49): Illuminate\\Routing\\Pipeline->Illuminate\\Routing\\{closure}(Object(Illuminate\\Http\\Request))
#23 /Users/philipperry/Documents/work/TimeTrackerPlaner/ttpLaravel/vendor/laravel/framework/src/Illuminate/Pipeline/Pipeline.php(151): Illuminate\\View\\Middleware\\ShareErrorsFromSession->handle(Object(Illuminate\\Http\\Request), Object(Closure))
#24 /Users/philipperry/Documents/work/TimeTrackerPlaner/ttpLaravel/vendor/laravel/framework/src/Illuminate/Routing/Pipeline.php(53): Illuminate\\Pipeline\\Pipeline->Illuminate\\Pipeline\\{closure}(Object(Illuminate\\Http\\Request))
#25 /Users/philipperry/Documents/work/TimeTrackerPlaner/ttpLaravel/vendor/laravel/framework/src/Illuminate/Session/Middleware/StartSession.php(63): Illuminate\\Routing\\Pipeline->Illuminate\\Routing\\{closure}(Object(Illuminate\\Http\\Request))
#26 /Users/philipperry/Documents/work/TimeTrackerPlaner/ttpLaravel/vendor/laravel/framework/src/Illuminate/Pipeline/Pipeline.php(151): Illuminate\\Session\\Middleware\\StartSession->handle(Object(Illuminate\\Http\\Request), Object(Closure))
#27 /Users/philipperry/Documents/work/TimeTrackerPlaner/ttpLaravel/vendor/laravel/framework/src/Illuminate/Routing/Pipeline.php(53): Illuminate\\Pipeline\\Pipeline->Illuminate\\Pipeline\\{closure}(Object(Illuminate\\Http\\Request))
#28 /Users/philipperry/Documents/work/TimeTrackerPlaner/ttpLaravel/vendor/laravel/framework/src/Illuminate/Cookie/Middleware/AddQueuedCookiesToResponse.php(37): Illuminate\\Routing\\Pipeline->Illuminate\\Routing\\{closure}(Object(Illuminate\\Http\\Request))
#29 /Users/philipperry/Documents/work/TimeTrackerPlaner/ttpLaravel/vendor/laravel/framework/src/Illuminate/Pipeline/Pipeline.php(151): Illuminate\\Cookie\\Middleware\\AddQueuedCookiesToResponse->handle(Object(Illuminate\\Http\\Request), Object(Closure))
#30 /Users/philipperry/Documents/work/TimeTrackerPlaner/ttpLaravel/vendor/laravel/framework/src/Illuminate/Routing/Pipeline.php(53): Illuminate\\Pipeline\\Pipeline->Illuminate\\Pipeline\\{closure}(Object(Illuminate\\Http\\Request))
#31 /Users/philipperry/Documents/work/TimeTrackerPlaner/ttpLaravel/vendor/laravel/framework/src/Illuminate/Cookie/Middleware/EncryptCookies.php(66): Illuminate\\Routing\\Pipeline->Illuminate\\Routing\\{closure}(Object(Illuminate\\Http\\Request))
#32 /Users/philipperry/Documents/work/TimeTrackerPlaner/ttpLaravel/vendor/laravel/framework/src/Illuminate/Pipeline/Pipeline.php(151): Illuminate\\Cookie\\Middleware\\EncryptCookies->handle(Object(Illuminate\\Http\\Request), Object(Closure))
#33 /Users/philipperry/Documents/work/TimeTrackerPlaner/ttpLaravel/vendor/laravel/framework/src/Illuminate/Routing/Pipeline.php(53): Illuminate\\Pipeline\\Pipeline->Illuminate\\Pipeline\\{closure}(Object(Illuminate\\Http\\Request))
#34 /Users/philipperry/Documents/work/TimeTrackerPlaner/ttpLaravel/vendor/laravel/framework/src/Illuminate/Pipeline/Pipeline.php(104): Illuminate\\Routing\\Pipeline->Illuminate\\Routing\\{closure}(Object(Illuminate\\Http\\Request))
#35 /Users/philipperry/Documents/work/TimeTrackerPlaner/ttpLaravel/vendor/laravel/framework/src/Illuminate/Routing/Router.php(684): Illuminate\\Pipeline\\Pipeline->then(Object(Closure))
#36 /Users/philipperry/Documents/work/TimeTrackerPlaner/ttpLaravel/vendor/laravel/framework/src/Illuminate/Routing/Router.php(659): Illuminate\\Routing\\Router->runRouteWithinStack(Object(Illuminate\\Routing\\Route), Object(Illuminate\\Http\\Request))
#37 /Users/philipperry/Documents/work/TimeTrackerPlaner/ttpLaravel/vendor/laravel/framework/src/Illuminate/Routing/Router.php(625): Illuminate\\Routing\\Router->runRoute(Object(Illuminate\\Http\\Request), Object(Illuminate\\Routing\\Route))
#38 /Users/philipperry/Documents/work/TimeTrackerPlaner/ttpLaravel/vendor/laravel/framework/src/Illuminate/Routing/Router.php(614): Illuminate\\Routing\\Router->dispatchToRoute(Object(Illuminate\\Http\\Request))
#39 /Users/philipperry/Documents/work/TimeTrackerPlaner/ttpLaravel/vendor/laravel/framework/src/Illuminate/Foundation/Http/Kernel.php(176): Illuminate\\Routing\\Router->dispatch(Object(Illuminate\\Http\\Request))
#40 /Users/philipperry/Documents/work/TimeTrackerPlaner/ttpLaravel/vendor/laravel/framework/src/Illuminate/Routing/Pipeline.php(30): Illuminate\\Foundation\\Http\\Kernel->Illuminate\\Foundation\\Http\\{closure}(Object(Illuminate\\Http\\Request))
#41 /Users/philipperry/Documents/work/TimeTrackerPlaner/ttpLaravel/vendor/fideloper/proxy/src/TrustProxies.php(57): Illuminate\\Routing\\Pipeline->Illuminate\\Routing\\{closure}(Object(Illuminate\\Http\\Request))
#42 /Users/philipperry/Documents/work/TimeTrackerPlaner/ttpLaravel/vendor/laravel/framework/src/Illuminate/Pipeline/Pipeline.php(151): Fideloper\\Proxy\\TrustProxies->handle(Object(Illuminate\\Http\\Request), Object(Closure))
#43 /Users/philipperry/Documents/work/TimeTrackerPlaner/ttpLaravel/vendor/laravel/framework/src/Illuminate/Routing/Pipeline.php(53): Illuminate\\Pipeline\\Pipeline->Illuminate\\Pipeline\\{closure}(Object(Illuminate\\Http\\Request))
#44 /Users/philipperry/Documents/work/TimeTrackerPlaner/ttpLaravel/vendor/laravel/framework/src/Illuminate/Foundation/Http/Middleware/TransformsRequest.php(31): Illuminate\\Routing\\Pipeline->Illuminate\\Routing\\{closure}(Object(Illuminate\\Http\\Request))
#45 /Users/philipperry/Documents/work/TimeTrackerPlaner/ttpLaravel/vendor/laravel/framework/src/Illuminate/Pipeline/Pipeline.php(151): Illuminate\\Foundation\\Http\\Middleware\\TransformsRequest->handle(Object(Illuminate\\Http\\Request), Object(Closure))
#46 /Users/philipperry/Documents/work/TimeTrackerPlaner/ttpLaravel/vendor/laravel/framework/src/Illuminate/Routing/Pipeline.php(53): Illuminate\\Pipeline\\Pipeline->Illuminate\\Pipeline\\{closure}(Object(Illuminate\\Http\\Request))
#47 /Users/philipperry/Documents/work/TimeTrackerPlaner/ttpLaravel/vendor/laravel/framework/src/Illuminate/Foundation/Http/Middleware/TransformsRequest.php(31): Illuminate\\Routing\\Pipeline->Illuminate\\Routing\\{closure}(Object(Illuminate\\Http\\Request))
#48 /Users/philipperry/Documents/work/TimeTrackerPlaner/ttpLaravel/vendor/laravel/framework/src/Illuminate/Pipeline/Pipeline.php(151): Illuminate\\Foundation\\Http\\Middleware\\TransformsRequest->handle(Object(Illuminate\\Http\\Request), Object(Closure))
#49 /Users/philipperry/Documents/work/TimeTrackerPlaner/ttpLaravel/vendor/laravel/framework/src/Illuminate/Routing/Pipeline.php(53): Illuminate\\Pipeline\\Pipeline->Illuminate\\Pipeline\\{closure}(Object(Illuminate\\Http\\Request))
#50 /Users/philipperry/Documents/work/TimeTrackerPlaner/ttpLaravel/vendor/laravel/framework/src/Illuminate/Foundation/Http/Middleware/ValidatePostSize.php(27): Illuminate\\Routing\\Pipeline->Illuminate\\Routing\\{closure}(Object(Illuminate\\Http\\Request))
#51 /Users/philipperry/Documents/work/TimeTrackerPlaner/ttpLaravel/vendor/laravel/framework/src/Illuminate/Pipeline/Pipeline.php(151): Illuminate\\Foundation\\Http\\Middleware\\ValidatePostSize->handle(Object(Illuminate\\Http\\Request), Object(Closure))
#52 /Users/philipperry/Documents/work/TimeTrackerPlaner/ttpLaravel/vendor/laravel/framework/src/Illuminate/Routing/Pipeline.php(53): Illuminate\\Pipeline\\Pipeline->Illuminate\\Pipeline\\{closure}(Object(Illuminate\\Http\\Request))
#53 /Users/philipperry/Documents/work/TimeTrackerPlaner/ttpLaravel/vendor/laravel/framework/src/Illuminate/Foundation/Http/Middleware/CheckForMaintenanceMode.php(62): Illuminate\\Routing\\Pipeline->Illuminate\\Routing\\{closure}(Object(Illuminate\\Http\\Request))
#54 /Users/philipperry/Documents/work/TimeTrackerPlaner/ttpLaravel/vendor/laravel/framework/src/Illuminate/Pipeline/Pipeline.php(151): Illuminate\\Foundation\\Http\\Middleware\\CheckForMaintenanceMode->handle(Object(Illuminate\\Http\\Request), Object(Closure))
#55 /Users/philipperry/Documents/work/TimeTrackerPlaner/ttpLaravel/vendor/laravel/framework/src/Illuminate/Routing/Pipeline.php(53): Illuminate\\Pipeline\\Pipeline->Illuminate\\Pipeline\\{closure}(Object(Illuminate\\Http\\Request))
#56 /Users/philipperry/Documents/work/TimeTrackerPlaner/ttpLaravel/vendor/laravel/framework/src/Illuminate/Pipeline/Pipeline.php(104): Illuminate\\Routing\\Pipeline->Illuminate\\Routing\\{closure}(Object(Illuminate\\Http\\Request))
#57 /Users/philipperry/Documents/work/TimeTrackerPlaner/ttpLaravel/vendor/laravel/framework/src/Illuminate/Foundation/Http/Kernel.php(151): Illuminate\\Pipeline\\Pipeline->then(Object(Closure))
#58 /Users/philipperry/Documents/work/TimeTrackerPlaner/ttpLaravel/vendor/laravel/framework/src/Illuminate/Foundation/Http/Kernel.php(116): Illuminate\\Foundation\\Http\\Kernel->sendRequestThroughRouter(Object(Illuminate\\Http\\Request))
#59 /Users/philipperry/Documents/work/TimeTrackerPlaner/ttpLaravel/public/index.php(55): Illuminate\\Foundation\\Http\\Kernel->handle(Object(Illuminate\\Http\\Request))
#60 /Users/philipperry/Documents/work/TimeTrackerPlaner/ttpLaravel/server.php(21): require_once('/Users/philippe...')
#61 {main}
"} 
